#oid vrad verr R
16 -9.3807 7.799 0.77
730 202.7359 12.233 0.64
736 29.5655 11.134 0.55
841 49.6891 12.149 0.68
848 21.4439 7.291 0.83
854 27.1514 4.049 0.94
863 -2.9968 4.335 0.9
883 40.4679 4.005 0.93
912 48.9522 8.064 0.89
921 10.494 4.806 0.93
985 197.1304 8.06 0.88
1001 73.7503 7.851 0.79
23 50.5927 3.037 0.95
137 -6.7495 4.984 0.91
523 153.452 4.063 0.86
78 -6.7796 4.514 0.94
148 -3.6297 2.175 0.94
28 -3.4261 6.417 0.84
198 234.4379 7.232 0.74
97 39.7733 26.689 0.72
162 -6.1858 2.96 0.95
629 -3983.567 297.085 0.01
512 -7.4995 3.314 0.93
90 0.3843 3.216 0.93
969 97.413 11.546 0.75
243 133.354 5.13 0.91
601 40.535 3.947 0.91
634 -14.1261 3.151 0.94
253 50.4677 3.773 0.93
517 107.8209 3.157 0.95
586 23.8248 4.021 0.91
507 34.3446 4.833 0.93
1000 89.5157 18.263 0.62
205 48.3544 8.422 0.86
773 65.3404 5.39 0.88
289 11.5031 5.23 0.89
637 17.025 3.194 0.95
346 107.1853 3.856 0.93
234 -6.1248 3.879 0.95
786 24.4687 15.688 0.78
856 54.6087 9.367 0.89
710 9.3908 19.187 0.69
655 10.5417 7.42 0.79
809 -16.6788 4.122 0.93
796 42.7793 10.667 0.72
764 122.1646 10.156 0.76
489 41.8957 3.59 0.93
495 55.4111 2.736 0.94
497 17.6305 5.574 0.9
302 -29.6968 3.262 0.96
303 1.7388 4.701 0.94
500 2.3372 3.412 0.93
504 40.1944 2.739 0.93
308 55.0331 2.383 0.94
314 74.5612 6.514 0.89
760 10.8283 19.656 0.67
514 221.1798 3.228 0.91
515 13.2958 5.098 0.92
516 64.0444 6.497 0.88
328 -33.5866 5.488 0.87
765 205.7183 4.363 0.88
525 157.6096 2.733 0.93
528 -53.7075 2.655 0.95
532 -13.6309 3.181 0.95
538 55.1905 3.793 0.92
540 129.2132 8.366 0.83
541 46.0456 5.845 0.85
770 73.7038 16.212 0.7
348 68.9948 4.535 0.87
542 38.9199 6.205 0.89
549 4.7909 4.766 0.89
352 31.298 2.57 0.95
551 19.315 2.327 0.95
1009 38.8395 9.573 0.72
552 -14.2603 2.745 0.95
366 18.0549 2.995 0.94
11 14.6516 2.242 0.96
557 -40.3884 5.231 0.92
778 -41.7557 6.99 0.88
7 33.6009 2.748 0.94
318 -10.787 3.544 0.95
329 189.3192 6.208 0.85
558 81.813 8.519 0.78
783 12.4241 7.493 0.78
331 25.2214 4.244 0.94
63 18.4456 3.437 0.93
332 -6.6521 3.557 0.95
118 16.8641 5.756 0.92
570 215.6981 3.299 0.93
345 1.983 1.72 0.95
347 19.3378 4.806 0.93
60 1.326 3.98 0.94
53 44.3078 4.496 0.9
575 -5.3721 2.781 0.95
584 -27.5434 4.643 0.91
785 78.8474 3.802 0.9
351 17.4524 2.367 0.95
356 3.9024 2.759 0.96
587 127.1744 5.415 0.85
593 18.3175 2.951 0.94
1034 68.5115 5.024 0.87
359 43.4344 4.366 0.91
364 37.0821 2.519 0.95
106 13.449 4.008 0.94
596 26.8587 3.21 0.94
126 -9.3811 3.799 0.93
599 56.644 4.546 0.92
602 17.6018 2.161 0.95
792 23.3288 4.396 0.86
603 -8.0209 4.166 0.93
605 41.3311 3.478 0.93
806 72.463 9.14 0.77
812 -20.9492 4.135 0.92
606 133.2975 3.208 0.91
611 124.4389 3.927 0.95
816 -23.5186 5.688 0.87
818 -2.3367 4.373 0.87
614 142.8659 4.377 0.93
627 25.4019 6.355 0.9
628 52.7411 8.61 0.82
633 37.4829 7.316 0.87
639 -12.1553 9.66 0.73
640 46.9124 8.172 0.88
643 20.9906 2.728 0.96
823 132.955 11.227 0.47
825 48.3584 5.682 0.84
644 4.4662 2.865 0.96
649 45.9919 4.569 0.88
662 50.0754 4.108 0.91
665 -9.7911 3.823 0.94
669 -15.772 2.8 0.95
678 22.8153 5.747 0.88
682 -55.078 4.708 0.87
827 200.4904 6.598 0.81
829 40.8507 12.361 0.7
683 105.4558 8.339 0.74
72 7.8752 5.245 0.92
685 218.7484 4.966 0.87
832 81.825 9.751 0.82
687 141.9494 4.151 0.91
690 313.4429 9.694 0.56
691 203.0311 8.66 0.81
693 -18.3892 7.423 0.87
700 -35.7008 11.449 0.8
712 29.7223 18.479 0.81
727 27.6358 6.809 0.92
836 -18.0894 18.247 0.65
731 9.975 7.026 0.91
734 376.5786 51.866 0.53
839 70.3539 9.035 0.78
737 107.6712 8.084 0.77
740 206.3559 19.412 0.55
743 25.1492 10.386 0.73
749 -38.4933 8.642 0.79
840 25.8018 22.98 0.69
843 -2.8412 3.646 0.92
846 36.5101 7.345 0.83
851 30.0284 3.191 0.94
857 51.0632 6.022 0.89
860 19.0255 4.099 0.91
869 83.5717 6.886 0.93
870 4.0758 3.067 0.94
128 41.1342 2.36 0.94
877 22.4152 6.088 0.83
880 -30.7612 3.729 0.92
886 67.1134 8.959 0.73
887 31.8444 4.709 0.91
888 252.3738 7.074 0.81
893 116.3018 5.69 0.85
896 161.6019 5.915 0.79
898 2.1607 9.378 0.82
900 37.2629 7.196 0.66
903 94.296 13.343 0.73
905 44.1028 6.475 0.83
909 74.7962 10.997 0.79
913 7.68 6.619 0.91
916 31.7906 4.762 0.92
919 72.8809 5.889 0.85
932 236.8854 29.815 0.33
88 8.2348 3.214 0.95
935 99.2095 4.676 0.91
936 5.5647 4.465 0.9
942 25.1149 8.651 0.75
946 104.481 9.796 0.81
951 22.0685 4.853 0.88
954 52.4895 9.981 0.58
956 108.0818 4.625 0.92
266 18.2991 1.892 0.96
959 322.6658 6.624 0.88
962 227.0986 15.43 0.69
970 156.091 5.822 0.82
973 127.085 5.343 0.91
977 61.9004 7.253 0.87
980 13.2322 7.645 0.83
992 145.644 8.606 0.74
1003 51.7176 19.728 0.72
335 8.3478 5.025 0.88
949 -20.0602 2.438 0.94
976 126.2589 6.495 0.84
1015 135.7266 9.552 0.84
73 -29.2626 7.837 0.82
33 51.105 5.851 0.88
39 14.8244 2.949 0.95
219 -7446.957 354.524 0.1
105 30.7503 3.092 0.95
723 12.7533 3.363 0.93
130 -18.9665 2.144 0.95
269 56.4688 5.633 0.91
133 8.875 3.044 0.96
70 24.4528 5.79 0.88
342 -53.3822 2.802 0.95
56 36.249 2.029 0.95
275 3.4921 2.73 0.95
138 38.3969 3.359 0.95
20 24.037 13.038 0.82
27 -39.6082 3.147 0.94
58 46.2198 4.55 0.91
92 16.4169 3.511 0.92
152 -30.5958 3.433 0.93
154 14.9709 5.239 0.92
59 30.8891 3.121 0.95
179 91.9004 7.254 0.76
476 7.9707 3.581 0.96
62 60.3918 6.764 0.8
67 45.517 3.439 0.95
93 57.0327 9.432 0.79
96 60.9768 2.93 0.94
99 9.6683 5.221 0.9
111 26.8681 3.566 0.96
163 60.3426 3.212 0.94
115 271.7777 11.437 0.77
71 -35.3643 5.053 0.91
170 29.1733 2.898 0.94
406 29.3224 3.787 0.93
177 -3.3705 6.089 0.89
769 16.4965 10.201 0.82
441 -43.6148 2.584 0.96
492 215.5222 3.989 0.92
444 -14.9529 16.776 0.61
191 25.4552 4.867 0.91
498 19.6945 3.033 0.94
503 -3.6497 4.008 0.92
513 45.1138 4.419 0.89
520 -22.0666 2.179 0.95
522 101.7721 12.747 0.59
524 55.2801 10.012 0.7
101 -17.4062 9.456 0.88
533 41.8045 7.426 0.89
534 87.8097 3.636 0.93
545 56.4713 10.913 0.72
555 27.311 3.885 0.95
559 1.3746 3.734 0.89
140 87.1585 6.144 0.9
579 37.6935 2.69 0.95
581 22.6003 3.484 0.93
582 0.4855 7.944 0.81
706 -1.2556 11.0 0.66
180 20.2718 6.563 0.82
591 101.5995 6.836 0.86
756 42.1154 14.809 0.71
300 4.1723 2.355 0.96
615 -7.1973 3.658 0.93
623 -15.1316 3.282 0.92
626 28.5288 3.437 0.95
13 17.1965 3.802 0.93
787 225.513 7.569 0.67
641 20.8884 19.771 0.76
647 15.7155 5.324 0.93
650 -19.6235 3.977 0.95
657 61.7998 8.138 0.84
817 172.7722 7.5 0.82
668 38.3565 5.109 0.88
677 169.5594 6.816 0.8
19 19.4573 1.695 0.95
695 -80.3221 23.121 0.37
696 57.7938 27.346 0.5
699 321.5338 17.191 0.45
864 74.9999 6.132 0.85
729 99.3986 13.466 0.68
1029 -8.0947 5.384 0.89
754 34.0281 5.74 0.89
735 56.3607 7.751 0.73
305 14.2074 3.53 0.94
795 32.6703 11.358 0.83
826 276.2563 5.626 0.89
834 42.2008 5.45 0.78
852 0.3438 4.162 0.9
879 6.4444 3.423 0.95
904 -20.998 14.194 0.55
930 -1.4931 4.849 0.9
933 24.5704 5.751 0.85
950 96.6706 5.963 0.79
965 3.8564 5.717 0.93
899 7.5772 7.886 0.77
1010 92.384 6.767 0.83
927 118.5142 8.171 0.77
1019 175.195 23.559 0.42
1036 93.4446 10.449 0.84
43 -30.7967 3.36 0.95
103 14.4422 4.291 0.92
40 -42.8368 3.211 0.95
613 65.7981 4.515 0.91
867 82.3302 8.871 0.88
1018 63.2811 5.293 0.82
535 -42.2029 11.657 0.82
307 26.2862 3.02 0.96
83 -25.0718 3.238 0.94
112 6.1328 3.065 0.94
1021 92.1197 4.458 0.92
91 -0.3315 2.917 0.94
25 5.5715 2.548 0.95
938 304.2174 7.41 0.85
733 159.4975 6.501 0.91
447 73.5195 10.798 0.84
247 134.7724 5.568 0.85
187 0.5347 2.541 0.96
1037 12.7574 12.362 0.77
960 -26.5701 4.374 0.91
968 62.804 5.618 0.92
560 164.6904 8.272 0.82
197 40.1322 7.225 0.87
9 -4.2624 3.359 0.95
48 19.8777 2.361 0.95
182 -22.4058 1.98 0.95
79 2.41 3.912 0.93
571 209.1801 9.328 0.72
114 20.8649 2.67 0.95
320 145.22 7.863 0.61
670 -18.9722 2.636 0.93
204 -1.2037 3.411 0.93
158 98.4594 10.761 0.69
321 23.4309 3.037 0.95
166 -0.3952 2.09 0.95
176 12.7854 3.945 0.94
203 8.9799 5.956 0.88
323 -38.815 6.51 0.86
251 153.7909 3.426 0.9
220 161.879 4.006 0.94
1011 7.7986 4.767 0.82
389 -37.0333 2.41 0.95
237 168.7254 3.991 0.91
76 248.1994 8.08 0.73
391 44.9201 3.151 0.95
1006 216.5013 77.307 0.54
400 41.2103 3.375 0.91
518 13.5463 2.864 0.95
1016 22.4024 10.156 0.67
420 -45.039 12.941 0.57
353 4.3378 4.258 0.92
576 46.7374 3.771 0.94
648 36.1982 7.067 0.86
214 -24.6106 4.94 0.92
215 17.9273 3.967 0.93
692 13.898 3.023 0.94
222 24.7748 5.468 0.91
360 38.0164 2.105 0.94
228 219.051 4.724 0.84
235 23.1343 2.646 0.94
241 76.2176 3.167 0.94
365 64.8351 8.22 0.82
6 13.6403 2.283 0.95
252 6.7213 6.072 0.89
891 32.5812 11.367 0.73
775 187.856 14.429 0.63
914 32.9739 10.795 0.72
931 54.772 8.49 0.83
697 175.8528 10.209 0.86
855 -30.4823 10.999 0.85
379 3.6962 7.051 0.83
554 -44.5829 4.6 0.88
1028 -4.448 10.364 0.77
1038 120.8185 13.962 0.71
51 0.8342 2.854 0.95
116 -1.9192 2.507 0.94
119 -8.4289 2.972 0.96
415 41.6503 4.439 0.92
598 70.9517 4.938 0.91
375 43.5104 2.642 0.95
937 38.1709 6.818 0.78
384 -47.0631 9.683 0.76
607 -19.3227 2.86 0.94
911 58.0115 3.548 0.92
127 25.1892 5.61 0.92
967 -3.1831 4.607 0.92
371 -24.7299 3.685 0.93
394 17.8008 5.57 0.89
776 17.3871 3.701 0.93
398 8.5993 6.389 0.82
407 46.1785 4.009 0.94
424 240.6272 14.06 0.65
426 1.7415 5.375 0.91
189 -36.8515 6.653 0.9
617 67.6467 6.795 0.87
231 152.8403 3.669 0.92
296 39.4533 4.956 0.93
467 34.4378 6.276 0.88
107 -3.7294 3.074 0.95
676 1.4598 2.956 0.95
438 71.1569 4.686 0.93
471 -13.3302 4.283 0.93
259 -5.6793 3.366 0.95
349 73.752 8.143 0.79
620 36.1997 4.19 0.91
853 2.8158 4.671 0.91
872 72.1719 7.733 0.76
2 69.7379 4.215 0.91
915 70.5648 6.919 0.67
1026 10.7627 6.712 0.81
440 49.0387 14.097 0.66
57 0.9398 3.35 0.94
122 28.9133 3.831 0.93
129 19.6893 3.107 0.94
153 5.9068 5.558 0.93
157 15.4088 2.844 0.93
125 132.829 2.158 0.95
186 48.6724 3.289 0.94
188 61.604 3.406 0.92
195 46.8028 5.963 0.86
452 13.4972 2.819 0.95
257 37.457 5.374 0.91
287 -14.7002 3.735 0.93
457 135.0513 1.961 0.95
277 47.5113 3.659 0.96
142 -51.4635 3.198 0.94
385 -14.3255 4.137 0.94
472 27.137 6.274 0.9
871 10.6308 4.354 0.93
450 -28.0404 3.603 0.95
477 23.0808 3.686 0.93
493 -9.9866 4.12 0.93
217 32.1417 2.985 0.95
224 294.1946 7.777 0.81
293 31.7967 4.269 0.93
547 244.5775 5.326 0.74
568 -21.1333 4.731 0.88
585 -7.1358 2.946 0.95
632 273.9841 4.195 0.94
688 73.7141 2.906 0.94
487 218.7762 5.525 0.8
478 -22.1337 2.446 0.95
689 45.961 4.744 0.87
698 -20.4929 28.38 0.23
264 259.1219 6.719 0.84
230 -3.1244 2.835 0.95
771 48.3147 20.627 0.62
772 164.897 10.409 0.69
564 19.6796 3.001 0.93
800 13.2265 4.349 0.94
805 43.5181 12.379 0.84
908 -7.3499 4.934 0.92
820 46.7029 5.186 0.94
922 6.6873 6.172 0.82
496 -5.5112 3.14 0.94
929 72.336 6.922 0.9
527 -20.4943 3.454 0.94
646 42.4969 5.789 0.87
781 79.6745 8.613 0.87
1020 48.5459 7.036 0.89
427 9.5593 3.635 0.94
821 9.4673 3.714 0.95
167 9.1391 4.2 0.93
178 -78.3278 3.508 0.93
925 54.5553 4.383 0.87
431 -27.5703 3.969 0.94
635 54.9904 3.122 0.94
895 50.7365 6.888 0.84
978 -46.9344 6.175 0.81
991 252.0531 25.371 0.67
168 -7.642 2.741 0.94
993 287.5949 7.227 0.86
10 -5.5158 2.687 0.95
26 109.196 3.806 0.93
35 1.4553 3.338 0.94
45 -34.1594 3.349 0.94
61 55.6852 3.442 0.95
66 53.0607 7.848 0.8
86 166.9497 1.973 0.96
89 13.9169 5.133 0.9
104 -29.5813 3.05 0.95
110 -14.8117 2.732 0.95
132 23.4727 2.685 0.96
135 37.6984 1.819 0.95
206 15.5196 5.038 0.88
139 69.7368 3.471 0.93
255 26.1393 8.218 0.82
141 19.3399 3.645 0.93
145 66.7599 3.833 0.94
207 10.2491 5.174 0.88
164 -11.0943 5.34 0.91
169 221.3797 3.449 0.91
174 -19.571 3.586 0.91
185 60.7476 8.004 0.91
193 33.5654 3.188 0.94
261 19.6752 2.222 0.95
246 27.2863 3.723 0.94
271 22.1264 2.738 0.96
280 13.8535 2.409 0.95
369 40.7533 2.684 0.95
326 31.7523 3.87 0.91
144 92.9277 2.839 0.94
30 23.8231 6.012 0.88
381 21.2115 3.161 0.95
521 58.1859 3.223 0.92
84 -47.2701 4.354 0.92
 548 -3.2598 2.455 0.95
113 16.3267 4.614 0.91
565 -36.186 4.644 0.91
580 -6.6673 4.344 0.91
123 -12.4431 2.94 0.95
638 -17.1722 2.899 0.94
660 -8.5673 6.839 0.87
248 23.1478 3.605 0.92
284 244.4102 2.882 0.95
285 18.526 2.89 0.95
673 1.9881 2.759 0.94
674 -34.945 9.865 0.76
286 41.3493 7.263 0.82
213 8.3496 6.1 0.88
288 -18.5001 4.061 0.89
290 70.515 2.817 0.92
291 -19.1459 2.88 0.94
943 16.4992 6.389 0.86
292 50.1621 4.158 0.92
221 19.8462 2.808 0.95
295 33.5199 4.077 0.92
361 14.784 4.263 0.89
947 -10.8496 4.724 0.87
583 34.9553 7.712 0.81
301 22.1264 3.215 0.94
232 215.732 3.045 0.94
370 4.3993 4.853 0.93
387 -55.8533 3.312 0.93
955 206.9327 8.188 0.65
265 -8.2603 7.228 0.85
273 11.4453 3.987 0.91
281 43.4437 4.761 0.87
680 -36.6375 6.033 0.83
876 -46.6828 5.772 0.83
609 80.6897 3.489 0.92
881 -3.137 4.418 0.93
934 114.4758 7.397 0.81
1013 -4.4991 6.409 0.87
267 18.9489 2.964 0.95
1024 89.3658 6.81 0.92
17 75.0775 4.467 0.92
124 -38.8073 4.541 0.91
396 1.7849 3.967 0.93
146 198.9116 5.551 0.88
134 94.6812 2.321 0.95
574 -22.6843 3.429 0.95
975 9.937 5.214 0.92
262 194.997 3.757 0.93
566 20.2831 3.116 0.93
653 18.9218 2.189 0.95
739 21.845 11.459 0.76
766 41.1421 10.806 0.76
209 59.5007 3.657 0.91
536 -16.1103 3.993 0.93
763 47.2454 7.98 0.78
150 -5.9028 3.122 0.95
510 25.5478 2.664 0.96
631 -6.1483 3.382 0.93
675 202.3652 5.408 0.81
1002 333.5468 9.328 0.68
249 -22.8385 3.157 0.94
239 38.0943 2.612 0.95
630 152.1463 1.993 0.95
422 69.6796 3.582 0.93
279 33.7825 4.312 0.94
844 28.0512 8.23 0.84
642 229.7635 5.09 0.93
824 53.2686 3.132 0.94
986 -6.1312 5.035 0.92
1031 -13.1668 9.302 0.76
378 66.7141 3.968 0.93
12 64.9897 4.377 0.93
1012 9.5528 4.989 0.9
34 2.2566 3.933 0.93
82 79.1285 6.083 0.86
95 27.1102 4.362 0.93
171 63.5676 2.857 0.95
208 -32.2566 3.025 0.95
223 16.8622 1.84 0.96
272 1.7629 2.074 0.95
317 -18.9375 2.537 0.96
373 11.1443 3.949 0.95
953 10.2436 4.716 0.92
434 20.9253 5.729 0.87
242 38.6403 9.583 0.69
592 27.5196 5.146 0.89
435 -12.2464 4.351 0.95
717 -0.1715 19.595 0.58
212 37.8487 2.596 0.94
401 52.9078 2.609 0.95
226 37.913 3.201 0.94
774 43.1155 6.828 0.81
744 85.4991 8.495 0.78
777 100.4498 7.505 0.87
797 12.8427 24.09 0.57
794 -13.9078 48.143 0.47
828 -3.8231 4.162 0.94
245 -8.01 2.737 0.96
833 131.6036 13.054 0.68
838 44.5155 3.876 0.91
842 44.3601 14.125 0.54
939 20.1327 15.892 0.54
354 73.8037 4.961 0.9
850 24.6712 9.13 0.84
858 48.838 9.463 0.76
859 58.7252 4.135 0.92
957 19.76 3.218 0.95
866 8.7141 4.384 0.86
337 218.6629 4.636 0.84
343 47.4239 4.414 0.91
334 17.018 3.953 0.94
311 -42.8863 3.683 0.92
873 -15.5044 3.991 0.91
726 93.5015 9.845 0.84
368 -1.6293 3.092 0.93
885 16.7916 8.284 0.84
889 169.2106 8.315 0.79
890 -11.5687 5.454 0.88
892 -4.55 16.905 0.59
372 2.0312 1.913 0.95
376 26.5352 4.688 0.85
963 92.788 9.843 0.71
1030 36.1611 8.082 0.75
382 0.2351 2.385 0.94
906 18.8614 34.066 0.6
907 -1.6344 5.704 0.91
383 12.1428 5.068 0.89
386 4.1186 2.926 0.95
910 18.1505 3.993 0.88
964 28.0477 4.021 0.94
388 14.4182 3.569 0.92
390 13.6324 4.821 0.92
393 19.2775 8.9 0.83
920 -44.5349 3.861 0.92
395 84.5738 4.236 0.91
397 116.1345 2.651 0.95
924 287.6274 14.667 0.61
714 104.2588 29.87 0.42
404 74.4914 4.417 0.91
402 90.2693 6.052 0.86
403 28.6566 4.159 0.94
408 -31.6169 3.871 0.94
409 24.364 5.565 0.89
940 23.726 3.59 0.93
941 15.1163 6.368 0.83
410 61.9631 18.87 0.68
411 7.7011 6.766 0.85
952 93.3446 6.156 0.75
961 91.524 7.18 0.87
412 -35.1707 2.154 0.95
413 80.0448 6.656 0.82
416 -40.237 6.869 0.84
972 21.7659 5.271 0.85
984 12.2206 4.31 0.94
556 66.8933 7.39 0.78
417 149.0827 6.844 0.85
990 3.4441 7.341 0.9
987 62.2794 13.196 0.86
421 26.2451 10.382 0.8
423 47.3774 4.228 0.93
998 5.9541 19.548 0.63
999 -95.2743 5.686 0.87
442 0.882 6.768 0.92
1004 17.7693 8.473 0.78
1007 19.6006 5.234 0.89
1008 23.3416 7.817 0.82
445 21.0926 3.527 0.94
448 -21.7215 10.261 0.83
449 14.3211 4.74 0.91
1017 11.3696 5.069 0.87
746 -12.9737 17.284 0.61
451 34.9152 2.133 0.95
453 21.3844 4.166 0.91
455 78.1361 4.59 0.91
1025 -37.8721 14.542 0.78
996 33.587 8.894 0.84
276 34.2521 5.0 0.9
461 12.2458 4.659 0.92
462 -9.8937 4.212 0.94
464 260.6976 7.584 0.81
1033 118.9122 8.183 0.7
1035 -2.0271 9.136 0.78
469 9.1667 3.777 0.95
466 -15.3751 3.338 0.92
468 -15.408 2.632 0.95
563 31.9277 3.679 0.92
923 19.8187 8.338 0.79
470 -20.9737 2.919 0.94
473 10.0081 3.518 0.95
282 23.2663 4.124 0.93
4 293.3061 7.416 0.86
475 62.8685 2.481 0.95
16 2.0792 5.866 0.9
482 79.1696 4.71 0.91
479 40.0581 3.591 0.93
481 29.936 6.401 0.87
484 62.3865 7.439 0.88
44 3.316 4.156 0.93
997 39.1777 5.905 0.88
22 85.3037 5.347 0.89
52 7.1328 6.225 0.89
151 51.9013 3.714 0.93
108 -19.6288 4.507 0.92
211 9.0448 3.92 0.95
29 43.1196 3.365 0.95
80 -48.9259 5.085 0.93
64 15.1743 3.403 0.92
81 66.8475 5.464 0.9
109 73.7805 3.306 0.93
155 190.2291 4.12 0.91
216 47.2562 6.44 0.84
37 45.2544 3.457 0.93
619 -2.6413 4.473 0.92
156 -4.6777 4.41 0.92
747 70.2786 5.195 0.84
94 -42.0477 2.931 0.95
190 8.8524 3.671 0.95
46 68.1455 4.998 0.92
238 54.8523 8.259 0.8
782 130.8855 5.422 0.83
355 232.144 12.931 0.59
433 53.9501 6.166 0.89
14 38.0893 2.466 0.95
75 48.5072 4.138 0.94
15 38.6732 2.084 0.96
36 0.1626 1.968 0.96
270 57.1882 3.993 0.91
74 -43.0163 11.173 0.66
313 15.1604 2.482 0.95
339 42.0086 2.763 0.94
227 19.2304 4.089 0.93
430 -3.2538 3.52 0.93
459 16.1457 2.141 0.95
837 57.4547 7.329 0.83
713 281.7603 14.717 0.54
758 60.5639 7.824 0.82
463 4.1417 6.938 0.89
530 52.254 3.338 0.93
499 -4.7751 5.602 0.91
667 50.5602 9.231 0.84
254 27.0844 3.119 0.94
550 1.9934 6.622 0.79
983 27.6426 4.955 0.93
159 47.714 3.436 0.93
745 -6.5574 5.219 0.94
868 -2.4106 5.188 0.9
884 17.7274 9.008 0.78
327 2.9458 3.84 0.91
418 57.043 11.936 0.76
315 312.717 4.457 0.91
686 55.2614 2.879 0.94
100 -2.7867 3.905 0.95
256 14.2099 3.017 0.94
511 113.8652 3.451 0.94
971 81.6525 6.438 0.94
362 62.278 4.773 0.92
656 -1.0685 2.318 0.96
502 100.0488 6.915 0.84
380 34.661 6.558 0.76
926 20.9192 6.249 0.86
480 -7.4845 2.819 0.96
5 -19.2516 3.171 0.92
490 -44.853 5.37 0.89
989 92.6135 35.51 0.65
414 27.518 4.816 0.93
724 62.5829 5.223 0.93
958 33.3866 6.004 0.87
981 74.0127 5.507 0.9
250 70.2654 3.4 0.93
505 38.7693 3.996 0.91
849 86.6778 5.261 0.9
569 21.1602 4.783 0.91
595 148.5287 3.785 0.86
902 15.0978 4.816 0.9
258 17.0329 3.082 0.89
621 25.422 4.018 0.92
508 -7.6883 7.687 0.88
624 48.6791 6.144 0.84
897 29.2233 9.671 0.67
988 85.5764 26.534 0.63
741 125.3743 10.044 0.78
847 66.3134 4.864 0.86
49 26.9315 3.065 0.95
874 -35.5126 7.649 0.79
199 1.6183 3.229 0.94
974 131.5895 5.65 0.79
363 273.4367 3.543 0.91
202 2.169 3.841 0.94
446 7.7654 10.709 0.84
663 85.4507 4.894 0.92
573 -8.1602 4.226 0.93
336 -37.4132 2.799 0.95
319 66.2089 4.347 0.93
578 4.9467 3.714 0.94
149 155.4078 4.608 0.92
357 -4.6002 3.759 0.95
604 254.935 11.716 0.76
428 167.7623 2.931 0.94
1 55.0217 2.931 0.94
882 45.3618 4.488 0.93
218 51.6756 8.877 0.85
659 41.5069 4.007 0.93
1032 33.2999 9.348 0.79
526 -25.3622 7.34 0.84
762 169.6992 7.026 0.76
432 76.9888 6.003 0.8
1014 91.4262 6.39 0.89
572 -11.387 3.175 0.94
260 18.1623 6.034 0.91
31 -4.7542 3.026 0.95
732 286.8524 7.205 0.71
768 253.9332 9.013 0.77
610 5.9291 3.957 0.93
529 32.9077 9.197 0.89
791 73.0375 6.18 0.85
553 47.4049 5.173 0.91
65 141.3217 5.124 0.87
506 34.9007 3.192 0.92
483 36.4676 1.877 0.95
69 38.0886 3.937 0.85
244 56.6808 2.641 0.94
543 -12.61 2.982 0.95
612 42.1693 4.266 0.9
594 -23.8806 3.871 0.93
608 69.8345 5.137 0.91
618 -16.7901 9.851 0.68
616 -23.5347 2.818 0.95
671 2.8865 2.696 0.95
399 50.7748 7.259 0.85
750 3.6266 5.199 0.84
822 90.9439 18.899 0.76
966 39.6217 16.885 0.73
474 -10.9801 5.349 0.91
485 8.5798 4.729 0.91
294 -11.9642 2.724 0.96
715 -45.7765 12.393 0.6
330 3.8733 3.314 0.95
645 39.6448 3.306 0.92
742 100.6286 38.299 0.56
654 38.8895 11.734 0.8
720 -11.6649 9.881 0.61
664 -40.1283 2.221 0.95
681 34.8365 2.863 0.95
229 -10.0971 3.806 0.95
928 85.8554 3.989 0.91
875 -51.2902 31.974 0.62
793 349.0806 19.109 0.72
117 126.6773 2.49 0.96
835 89.2027 3.455 0.91
494 6.89 5.375 0.92
799 30.0121 7.929 0.89
21 8.9385 6.284 0.91
577 -61.2024 11.121 0.74
597 53.7354 4.357 0.92
753 19.8184 36.766 0.19
278 -38.1976 2.98 0.93
759 56.2854 7.439 0.81
666 58.3733 2.926 0.88
789 15.1751 4.494 0.94
263 40.8094 3.589 0.93
801 89.9432 4.021 0.91
236 -56.8037 4.67 0.84
702 19.9316 25.46 0.63
779 86.724 13.095 0.54
240 29.4415 4.959 0.92
589 60.3632 5.318 0.91
299 21.259 3.219 0.93
790 -4076.597 162.512 0.14
830 43.5051 7.389 0.8
8 74.4494 6.669 0.91
917 218.4324 17.591 0.37
405 154.0358 7.257 0.79
811 20.1918 9.546 0.8
672 233.5499 5.834 0.86
738 1.7372 5.857 0.92
567 38.5609 3.063 0.94
701 98.2562 6.509 0.83
501 63.3606 3.105 0.95
544 -8.6887 7.047 0.92
358 16.1206 1.98 0.96
32 34.4561 3.869 0.91
704 8.5995 4.505 0.93
588 9.4834 9.003 0.85
707 48.9566 14.341 0.59
722 -20.2359 6.516 0.85
948 71.1026 7.595 0.8
845 20.2346 5.111 0.92
425 -6.0237 3.683 0.94
636 52.4449 3.621 0.91
622 37.4035 2.519 0.95
456 6.365 4.202 0.93
419 24.8907 8.195 0.84
894 53.1713 5.121 0.71
268 10.2066 4.627 0.93
341 14.5388 5.467 0.85
274 25.6627 3.46 0.94
367 20.9608 5.783 0.9
767 59.0959 7.025 0.83
625 242.3172 5.116 0.93
705 15.4805 8.633 0.81
147 30.6892 3.114 0.95
454 -17.9776 2.755 0.93
561 -33.0044 8.467 0.78
460 4.104 2.348 0.95
784 9.9356 8.272 0.75
944 7280.8838 1335.21 0.05
488 27.8033 3.516 0.95
679 8.7984 3.335 0.95
780 85.9422 7.818 0.77
77 -2.1126 2.695 0.94
982 54.0456 5.712 0.89
831 77.9354 4.545 0.91
861 -12.2695 3.302 0.94
210 -11.6442 3.245 0.96
994 224.8609 66.374 0.45
878 13.6975 7.071 0.84
3 41.1261 3.834 0.94
310 62.7382 6.834 0.67
325 2.2522 1.988 0.96
429 -46.6274 3.446 0.95
748 21.1402 6.086 0.85
374 29.8844 6.289 0.81
761 49.066 10.429 0.82
661 311.0134 4.44 0.89
225 -25.2397 3.577 0.94
465 42.9959 3.83 0.93
751 40.5953 5.278 0.86
50 -8.2164 5.292 0.89
1022 55.559 8.692 0.86
436 11.908 5.578 0.93
979 103.3285 5.978 0.93
298 151.3033 13.658 0.85
600 75.2086 9.732 0.74
590 136.7049 11.8 0.78
798 256.8249 8.984 0.65
1023 28.4032 6.181 0.92
196 -9.0885 3.885 0.93
709 16.1068 20.329 0.5
694 -173.8316 43.234 0.39
309 30.1087 4.888 0.93
233 49.181 2.594 0.95
539 38.3855 10.188 0.77
1027 52.0819 13.559 0.58
815 90.4048 34.94 0.57
201 -8.4296 3.437 0.94
18 -8.4801 7.651 0.91
24 -29.4876 3.84 0.94
537 -0.7943 8.035 0.88
945 30.2463 6.029 0.85
719 22.0234 9.72 0.73
304 -3.3928 2.084 0.95
283 26.7186 3.453 0.95
531 142.0811 7.152 0.81
862 24.7389 8.978 0.81
721 105.9394 4.852 0.94
41 63.1697 3.478 0.94
47 12.4014 5.268 0.88
297 10.4683 4.052 0.93
54 54.9039 1.977 0.94
995 -20.7206 4.095 0.92
546 -2.337 3.79 0.92
316 17.0889 3.003 0.95
306 -19.3457 1.712 0.96
312 -0.7938 2.295 0.95
87 -10.8735 3.309 0.94
340 -10.4149 6.265 0.91
322 50.7955 4.878 0.87
98 67.2429 5.882 0.77
725 61.337 10.094 0.81
324 -19.7235 3.033 0.95
562 -8.2282 8.681 0.8
344 6.2844 3.851 0.92
865 30.1025 8.906 0.72
728 -38.997 6.82 0.88
350 90.2003 8.022 0.74
143 217.3646 5.202 0.84
333 -3.7152 2.611 0.95
161 74.756 5.655 0.89
338 2.7917 3.134 0.95
175 108.6799 3.562 0.96
183 0.1905 6.142 0.88
192 123.8113 5.339 0.9
200 37.7473 2.489 0.92
38 20.0246 3.435 0.91
752 19.3432 8.462 0.76
377 -3.6097 3.19 0.94
68 19.6974 3.594 0.92
755 27.3194 5.427 0.9
651 95.0397 3.024 0.94
102 32.3123 6.952 0.94
392 -1.8197 6.409 0.87
757 62.6983 15.605 0.79
121 2.0926 6.257 0.9
131 64.0211 3.045 0.95
652 -7.1689 3.436 0.95
1005 0.6046 4.405 0.89
160 177.7165 3.484 0.92
172 -26.7587 3.298 0.96
184 158.1072 2.739 0.94
658 15.092 2.943 0.95
802 40.6739 14.375 0.79
437 19.7137 2.836 0.95
439 9.1496 5.674 0.91
703 124.7831 10.419 0.83
42 45.6193 2.96 0.96
443 40.0933 4.589 0.9
803 15.6636 3.172 0.93
55 50.7874 3.62 0.94
458 -5.21 2.699 0.95
708 59.6244 14.997 0.78
804 28.2489 6.467 0.87
85 -24.8431 2.89 0.95
711 21.557 14.178 0.71
486 -28.9967 5.3 0.91
491 -9.7556 62.654 0.61
509 144.7136 4.324 0.9
120 -55.5167 2.679 0.93
807 9.5637 5.165 0.94
519 -30.5843 3.089 0.95
718 48.7268 12.682 0.55
808 159.0926 7.198 0.89
136 40.7792 4.711 0.93
810 42.5937 8.26 0.87
813 106.5014 14.184 0.67
814 6.3204 6.402 0.91
165 43.7386 4.596 0.92
173 -22.1032 3.533 0.95
819 284.1643 17.773 0.61
918 39.1335 121.94 0.51
194 57.0687 3.024 0.95
684 -3.8667 6.72 0.79
